Determining if the pthread_create exist failed with the following output:
Change Dir: /home/ros/catkin_ws/build/multi_robot/CMakeFiles/CMakeTmp

Run Build Command:"/usr/bin/make" "cmTC_a54bc/fast"
/usr/bin/make -f CMakeFiles/cmTC_a54bc.dir/build.make CMakeFiles/cmTC_a54bc.dir/build
make[1]: Entering directory '/home/ros/catkin_ws/build/multi_robot/CMakeFiles/CMakeTmp'
Building C object CMakeFiles/cmTC_a54bc.dir/CheckSymbolExists.c.o
/usr/bin/cc    -o CMakeFiles/cmTC_a54bc.dir/CheckSymbolExists.c.o   -c /home/ros/catkin_ws/build/multi_robot/CMakeFiles/CMakeTmp/CheckSymbolExists.c
Linking C executable cmTC_a54bc
/usr/bin/cmake -E cmake_link_script CMakeFiles/cmTC_a54bc.dir/link.txt --verbose=1
/usr/bin/cc      -rdynamic CMakeFiles/cmTC_a54bc.dir/CheckSymbolExists.c.o  -o cmTC_a54bc 
CMakeFiles/cmTC_a54bc.dir/CheckSymbolExists.c.o: In function `main':
CheckSymbolExists.c:(.text+0x1b): undefined reference to `pthread_create'
collect2: error: ld returned 1 exit status
CMakeFiles/cmTC_a54bc.dir/build.make:97: recipe for target 'cmTC_a54bc' failed
make[1]: *** [cmTC_a54bc] Error 1
make[1]: Leaving directory '/home/ros/catkin_ws/build/multi_robot/CMakeFiles/CMakeTmp'
Makefile:126: recipe for target 'cmTC_a54bc/fast' failed
make: *** [cmTC_a54bc/fast] Error 2

File /home/ros/catkin_ws/build/multi_robot/CMakeFiles/CMakeTmp/CheckSymbolExists.c:
/* */
#include <pthread.h>

int main(int argc, char** argv)
{
  (void)argv;
#ifndef pthread_create
  return ((int*)(&pthread_create))[argc];
#else
  (void)argc;
  return 0;
#endif
}

Determining if the function pthread_create exists in the pthreads failed with the following output:
Change Dir: /home/ros/catkin_ws/build/multi_robot/CMakeFiles/CMakeTmp

Run Build Command:"/usr/bin/make" "cmTC_257aa/fast"
/usr/bin/make -f CMakeFiles/cmTC_257aa.dir/build.make CMakeFiles/cmTC_257aa.dir/build
make[1]: Entering directory '/home/ros/catkin_ws/build/multi_robot/CMakeFiles/CMakeTmp'
Building C object CMakeFiles/cmTC_257aa.dir/CheckFunctionExists.c.o
/usr/bin/cc   -DCHECK_FUNCTION_EXISTS=pthread_create   -o CMakeFiles/cmTC_257aa.dir/CheckFunctionExists.c.o   -c /usr/share/cmake-3.10/Modules/CheckFunctionExists.c
Linking C executable cmTC_257aa
/usr/bin/cmake -E cmake_link_script CMakeFiles/cmTC_257aa.dir/link.txt --verbose=1
/usr/bin/cc  -DCHECK_FUNCTION_EXISTS=pthread_create    -rdynamic CMakeFiles/cmTC_257aa.dir/CheckFunctionExists.c.o  -o cmTC_257aa -lpthreads 
/usr/bin/ld: cannot find -lpthreads
collect2: error: ld returned 1 exit status
CMakeFiles/cmTC_257aa.dir/build.make:97: recipe for target 'cmTC_257aa' failed
make[1]: *** [cmTC_257aa] Error 1
make[1]: Leaving directory '/home/ros/catkin_ws/build/multi_robot/CMakeFiles/CMakeTmp'
Makefile:126: recipe for target 'cmTC_257aa/fast' failed
make: *** [cmTC_257aa/fast] Error 2


